<?xml version="1.0" encoding="UTF-8"?>
<!-- Generated by org.testng.reporters.JUnitReportReporter -->
<testsuite hostname="Admin" failures="0" tests="1" name="TC.TC_logintest" time="24.727" errors="0" timestamp="28 May 2023 10:27:50 GMT" skipped="0">
  <testcase classname="TC.TC_logintest" name="orderProduct" time="24.727"/>
</testsuite> <!-- TC.TC_logintest -->
